2025-10-29 11:36:23.764 [INFO] [1] FileSyncPro MVVM application started
2025-10-29 11:37:28.801 [ERROR] [1] ❌ Failed to connect to SharePoint.
Tried: DSPETROFAC\
Error: The remote server returned an error: (403) Forbidden.

Please ensure:
1. Domain is correct (currently set to: DSPETROFAC)
2. Username and password are correct
3. You have permissions to access the site
4. You're connected to the corporate network
2025-10-29 11:54:05.444 [INFO] [1] FileSyncPro MVVM application started
2025-10-29 12:07:27.887 [INFO] [1] FileSyncPro MVVM application started
2025-10-29 12:17:25.342 [INFO] [1] FileSyncPro MVVM application started
2025-10-29 12:23:30.395 [INFO] [1] FileSyncPro MVVM application started
2025-10-29 12:23:51.967 [INFO] [1] FileSyncPro application shutting down
2025-10-29 12:24:10.716 [INFO] [1] FileSyncPro MVVM application started
2025-10-29 12:24:58.717 [ERROR] [1] ❌ Failed to connect to SharePoint.
Error: The remote server returned an error: (403) Forbidden.

Please ensure:
1. You're connected to the corporate network
2. You have permissions to access the SharePoint site
3. Your Windows account has appropriate SharePoint permissions
2025-10-29 12:30:37.529 [INFO] [1] FileSyncPro MVVM application started
2025-10-29 12:34:53.187 [INFO] [1] FileSyncPro MVVM application started
2025-10-29 12:35:25.947 [INFO] [1] FileSyncPro application shutting down
2025-10-29 12:35:36.001 [INFO] [1] FileSyncPro MVVM application started
2025-10-29 12:35:51.904 [INFO] [1] FileSyncPro MVVM application started
2025-10-29 12:39:52.493 [INFO] [1] FileSyncPro MVVM application started
2025-10-29 12:51:47.274 [ERROR] [1] ❌ Failed to connect to SharePoint.
Error: The remote server returned an error: (403) Forbidden.

Please ensure:
1. You're connected to the corporate network
2. You have permissions to access the SharePoint site
3. Your Windows account has appropriate SharePoint permissions
4. The URL is correct and accessible
5. If using SharePoint Online, ensure you're using the correct authentication method
2025-10-29 12:53:01.167 [SUCCESS] [1] Local destination validated. Available space: 85.3 GB
2025-10-29 12:53:02.358 [DEBUG] [1] Created temp directory: C:\Users\kunhamad.mk\AppData\Local\Temp\FileSyncPro_422d2808-488a-4376-9837-0f42cb919cd4
2025-10-29 12:53:02.402 [INFO] [1] Extracted: IdeaStatic_Sett1.zip
2025-10-29 12:53:02.418 [SUCCESS] [1] Synchronization completed successfully!
2025-10-29 12:53:02.424 [DEBUG] [1] Cleaned up temporary files
2025-10-29 12:53:18.635 [INFO] [1] FileSyncPro application shutting down
2025-10-29 12:54:51.732 [INFO] [1] FileSyncPro MVVM application started
2025-10-29 13:07:15.050 [INFO] [1] FileSyncPro application shutting down
2025-10-29 13:09:50.014 [INFO] [1] FileSyncPro MVVM application started
2025-10-29 13:13:40.882 [INFO] [1] FileSyncPro application shutting down
2025-10-29 13:13:51.152 [INFO] [1] FileSyncPro MVVM application started
2025-10-29 13:15:10.625 [INFO] [1] FileSyncPro MVVM application started
2025-10-29 13:18:00.927 [INFO] [1] FileSyncPro application shutting down
2025-10-29 13:20:33.215 [INFO] [1] FileSyncPro MVVM application started
2025-10-29 13:22:10.608 [ERROR] [1] SFTP credentials are incomplete
2025-10-29 13:22:22.230 [SUCCESS] [1] Local destination validated. Available space: 87.6 GB
2025-10-29 13:22:23.193 [DEBUG] [1] Created temp directory: C:\Users\kunhamad.mk\AppData\Local\Temp\FileSyncPro_3f362e02-b417-4afe-aaec-9f4138e49e06
2025-10-29 13:22:23.260 [INFO] [1] Extracted: IdeaStatic_Sett1.zip
2025-10-29 13:22:23.288 [SUCCESS] [1] Synchronization completed successfully!
2025-10-29 13:22:23.294 [DEBUG] [1] Cleaned up temporary files
2025-10-29 13:23:05.672 [SUCCESS] [1] Local destination validated. Available space: 87.3 GB
2025-10-29 13:23:06.655 [DEBUG] [1] Created temp directory: C:\Users\kunhamad.mk\AppData\Local\Temp\FileSyncPro_7c2f6c14-ef43-4cf7-8c1e-484b39f497aa
2025-10-29 13:23:06.690 [INFO] [1] Extracted: IdeaStatic_Sett1.zip
2025-10-29 13:23:06.706 [SUCCESS] [1] Synchronization completed successfully!
2025-10-29 13:23:06.713 [DEBUG] [1] Cleaned up temporary files
2025-10-29 13:25:55.143 [INFO] [1] FileSyncPro application shutting down
2025-10-29 13:26:01.608 [INFO] [1] FileSyncPro MVVM application started
2025-10-29 13:27:22.442 [INFO] [1] FileSyncPro application shutting down
2025-10-29 13:28:57.133 [INFO] [1] FileSyncPro MVVM application started
2025-10-29 13:47:09.494 [SUCCESS] [1] Local destination validated. Available space: 84.9 GB
2025-10-29 13:47:11.443 [DEBUG] [1] Created temp directory: C:\Users\kunhamad.mk\AppData\Local\Temp\FileSyncPro_a96ece8e-7f19-446b-a75b-8630d02b03f5
2025-10-29 13:47:11.537 [INFO] [1] Extracted: IdeaStatic_Sett1.zip
2025-10-29 13:47:11.598 [SUCCESS] [1] Synchronization completed successfully!
2025-10-29 13:47:11.607 [DEBUG] [1] Cleaned up temporary files
2025-10-29 13:48:19.103 [ERROR] [1] ❌ Failed to connect to SharePoint.
Error: The remote server returned an error: (403) Forbidden.

Please ensure:
1. You're connected to the corporate network
2. You have permissions to access the SharePoint site
3. Your Windows account has appropriate SharePoint permissions
4. The URL is correct and accessible
5. If using SharePoint Online, ensure you're using the correct authentication method
2025-10-29 13:49:37.498 [ERROR] [1] ❌ Failed to connect to SharePoint.
Error: The remote server returned an error: (403) Forbidden.

Please ensure:
1. You're connected to the corporate network
2. You have permissions to access the SharePoint site
3. Your Windows account has appropriate SharePoint permissions
4. The URL is correct and accessible
5. If using SharePoint Online, ensure you're using the correct authentication method
2025-10-29 13:51:40.740 [INFO] [1] FileSyncPro application shutting down
2025-10-29 13:51:46.642 [INFO] [1] FileSyncPro MVVM application started
2025-10-29 13:52:05.939 [INFO] [1] FileSyncPro application shutting down
2025-10-29 13:52:11.210 [INFO] [1] FileSyncPro MVVM application started
2025-10-29 13:54:02.504 [INFO] [1] FileSyncPro MVVM application started
2025-10-29 13:54:18.451 [SUCCESS] [1] Local destination validated. Available space: 87.5 GB
2025-10-29 13:54:19.279 [DEBUG] [1] Created temp directory: C:\Users\kunhamad.mk\AppData\Local\Temp\FileSyncPro_eb7ff902-0f44-441a-9ccc-7b9f129c083f
2025-10-29 13:54:19.311 [INFO] [1] Extracted: IdeaStatic_Sett1.zip
2025-10-29 13:54:19.334 [SUCCESS] [1] Synchronization completed successfully!
2025-10-29 13:54:19.338 [DEBUG] [1] Cleaned up temporary files
2025-10-29 13:54:40.786 [ERROR] [1] ❌ Failed to connect to SharePoint.
Error: The remote server returned an error: (403) Forbidden.

Please ensure:
1. You're connected to the corporate network
2. You have permissions to access the SharePoint site
3. Your Windows account has appropriate SharePoint permissions
4. The URL is correct and accessible
5. If using SharePoint Online, ensure you're using the correct authentication method
2025-10-29 13:59:09.542 [INFO] [1] FileSyncPro application shutting down
2025-10-29 13:59:32.025 [INFO] [1] FileSyncPro MVVM application started
2025-10-29 14:00:40.847 [INFO] [1] FileSyncPro MVVM application started
2025-10-29 14:00:59.060 [ERROR] [1] ❌ Failed to connect to SharePoint.
Error: The remote server returned an error: (403) Forbidden.

The 403 Forbidden error typically indicates an authentication issue. This could be due to:
1. SharePoint Online requiring modern authentication (OAuth/AAD) instead of legacy auth
2. Multi-factor authentication (MFA) being required
3. Conditional access policies in your organization
4. Network connectivity or proxy configuration issues
5. The SharePoint site having specific security configurations
2025-10-29 14:01:13.180 [INFO] [1] FileSyncPro application shutting down
2025-10-29 14:01:18.080 [INFO] [1] FileSyncPro MVVM application started
2025-10-29 14:02:33.749 [INFO] [1] FileSyncPro MVVM application started
2025-10-29 14:02:36.101 [INFO] [1] FileSyncPro application shutting down
2025-10-29 15:49:33.324 [INFO] [1] FileSyncPro MVVM application started
2025-10-29 15:50:12.477 [ERROR] [1] ❌ Failed to connect to SharePoint.
Error: The provided path does not exist, or does not represent a site
2025-10-29 15:52:13.396 [ERROR] [1] ❌ Failed to connect to SharePoint.
Error: The provided path does not exist, or does not represent a site
2025-10-29 15:52:19.281 [ERROR] [1] ❌ Failed to connect to SharePoint.
Error: The provided path does not exist, or does not represent a site
2025-10-29 15:52:39.712 [INFO] [1] FileSyncPro MVVM application started
2025-10-29 15:53:43.116 [ERROR] [1] ❌ Failed to connect to SharePoint.
Error: The provided path does not exist, or does not represent a site
2025-10-29 16:06:48.274 [INFO] [1] FileSyncPro MVVM application started
2025-10-29 16:07:16.653 [ERROR] [1] ❌ Failed to connect to SharePoint.
Error: The provided path does not exist, or does not represent a site
2025-10-29 16:07:33.860 [INFO] [1] FileSyncPro MVVM application started
2025-10-29 16:08:11.677 [ERROR] [1] ❌ Failed to connect to SharePoint.
Error: The provided path does not exist, or does not represent a site
2025-10-29 16:15:41.416 [INFO] [1] FileSyncPro MVVM application started
2025-10-29 16:16:26.333 [SUCCESS] [1] ✅ Connected successfully to: OSS-EnggApps-DEV
Site URL: petrofaconline.sharepoint.com:/sites/OSS-EnggApps-DEV
2025-10-29 16:16:29.199 [DEBUG] [1] Created temp directory: C:\Users\kunhamad.mk\AppData\Local\Temp\FileSyncPro_ee11e94e-6117-4ca7-a023-2572264358eb
2025-10-29 16:16:29.250 [INFO] [1] Extracted: IdeaStatic_Sett1.zip
2025-10-29 16:16:33.824 [SUCCESS] [1] Synchronization completed successfully!
2025-10-29 16:16:33.830 [DEBUG] [1] Cleaned up temporary files
2025-10-29 16:18:01.921 [SUCCESS] [1] ✅ Connected successfully to: OSS-EnggApps-DEV
Site URL: petrofaconline.sharepoint.com:/sites/OSS-EnggApps-DEV
2025-10-29 16:18:03.356 [DEBUG] [1] Created temp directory: C:\Users\kunhamad.mk\AppData\Local\Temp\FileSyncPro_008053a6-ec53-424b-b9b2-b504c85d15b6
2025-10-29 16:18:03.394 [INFO] [1] Extracted: IdeaStatic_Sett1.zip
2025-10-29 16:18:05.635 [SUCCESS] [1] Synchronization completed successfully!
2025-10-29 16:18:05.645 [DEBUG] [1] Cleaned up temporary files
2025-10-29 16:25:21.391 [INFO] [1] FileSyncPro application shutting down
2025-10-29 16:26:21.993 [INFO] [1] FileSyncPro MVVM application started
2025-10-29 16:27:01.891 [SUCCESS] [1] ✅ Connected successfully to: OSS-EnggApps-DEV
Site: petrofaconline.sharepoint.com:/sites/OSS-EnggApps-DEV
Library: Shared Documents
Folder: KT Videos
2025-10-29 16:27:04.966 [DEBUG] [1] Created temp directory: C:\Users\kunhamad.mk\AppData\Local\Temp\FileSyncPro_10ef34bb-0e3c-43ef-bf7b-8e4982be00e7
2025-10-29 16:27:05.006 [INFO] [1] Extracted: IdeaStatic_Sett1.zip
2025-10-29 16:27:07.085 [SUCCESS] [1] Synchronization completed successfully!
2025-10-29 16:27:07.226 [DEBUG] [1] Cleaned up temporary files
2025-10-29 16:32:07.263 [INFO] [1] FileSyncPro MVVM application started
2025-10-29 16:33:47.614 [SUCCESS] [1] ✅ Connected successfully to: OSS-EnggApps-DEV
Site: petrofaconline.sharepoint.com:/sites/OSS-EnggApps-DEV
Library: Shared Documents
Folder: KT Videos
2025-10-29 16:33:49.223 [DEBUG] [1] Created temp directory: C:\Users\kunhamad.mk\AppData\Local\Temp\FileSyncPro_e24e66f4-b837-4b5f-a63b-350dbbda7de6
2025-10-29 16:33:49.241 [INFO] [1] Extracted: IdeaStatic_Sett1.zip
2025-10-29 16:33:51.730 [SUCCESS] [1] Synchronization completed successfully!
2025-10-29 16:33:52.008 [DEBUG] [1] Cleaned up temporary files
2025-10-29 16:41:09.938 [INFO] [1] FileSyncPro MVVM application started
2025-10-29 16:43:24.024 [SUCCESS] [1] Local destination validated. Available space: 86.6 GB
2025-10-29 16:43:25.743 [DEBUG] [1] Created temp directory: C:\Users\kunhamad.mk\AppData\Local\Temp\FileSyncPro_3f5414c1-fc68-4e70-ba19-cbf66b86fd95
2025-10-29 16:43:25.781 [INFO] [1] Extracted: IdeaStatic_Sett1.zip
2025-10-29 16:43:25.812 [SUCCESS] [1] Synchronization completed successfully!
2025-10-29 16:43:25.820 [DEBUG] [1] Cleaned up temporary files
2025-10-29 17:00:50.619 [INFO] [1] FileSyncPro application shutting down
2025-10-29 17:00:59.350 [INFO] [1] FileSyncPro MVVM application started
2025-10-29 17:01:23.736 [SUCCESS] [1] Local destination validated. Available space: 86.6 GB
2025-10-29 17:01:24.574 [DEBUG] [1] Created temp directory: C:\Users\kunhamad.mk\AppData\Local\Temp\FileSyncPro_65770c07-befa-4397-88c1-cdf3c785e9c3
2025-10-29 17:01:24.629 [INFO] [1] Extracted: IdeaStatic_Sett1.zip
2025-10-29 17:01:24.666 [SUCCESS] [1] Synchronization completed successfully!
2025-10-29 17:01:24.672 [DEBUG] [1] Cleaned up temporary files
2025-10-29 17:12:41.854 [INFO] [1] FileSyncPro MVVM application started
2025-10-29 17:12:47.543 [INFO] [1] FileSyncPro application shutting down
2025-10-29 17:13:48.056 [INFO] [1] FileSyncPro MVVM application started
2025-10-29 17:13:53.838 [INFO] [1] FileSyncPro application shutting down
2025-10-29 17:15:08.944 [INFO] [1] FileSyncPro MVVM application started
2025-10-29 17:16:06.979 [SUCCESS] [1] Local destination validated. Available space: 86.6 GB
2025-10-29 17:16:08.092 [DEBUG] [1] Created temp directory: C:\Users\kunhamad.mk\AppData\Local\Temp\FileSyncPro_b59a5ee3-adfd-42b9-8a74-1c8d0daf9f36
2025-10-29 17:16:08.141 [INFO] [1] Extracted: IdeaStatic_Sett1.zip
2025-10-29 17:16:08.172 [SUCCESS] [1] Synchronization completed successfully!
2025-10-29 17:16:08.179 [DEBUG] [1] Cleaned up temporary files
2025-10-29 17:22:43.097 [INFO] [1] FileSyncPro application shutting down
2025-10-29 17:26:33.429 [INFO] [1] FileSyncPro MVVM application started
2025-10-29 21:44:11.568 [INFO] [1] FileSyncPro MVVM application started
2025-10-29 21:55:05.966 [INFO] [1] FileSyncPro MVVM application started
2025-10-29 21:56:41.110 [INFO] [1] FileSyncPro application shutting down
2025-10-29 21:58:37.380 [INFO] [1] FileSyncPro MVVM application started
2025-10-29 22:00:14.314 [SUCCESS] [1] Local destination validated. Available space: 78.0 GB
2025-10-29 22:00:15.485 [DEBUG] [1] Created temp directory: C:\Users\kunhamad.mk\AppData\Local\Temp\FileSyncPro_0fd19a4d-dc4b-4c5a-8a8a-7ba185cea0bd
2025-10-29 22:00:15.543 [INFO] [1] Extracted: IdeaStatic_Sett1.zip
2025-10-29 22:00:15.578 [SUCCESS] [1] Synchronization completed successfully!
2025-10-29 22:00:15.586 [DEBUG] [1] Cleaned up temporary files
2025-10-29 22:00:32.876 [INFO] [1] FileSyncPro application shutting down
2025-10-29 22:00:36.460 [INFO] [1] FileSyncPro MVVM application started
2025-10-29 22:01:52.529 [INFO] [1] FileSyncPro application shutting down
2025-10-29 22:04:09.759 [INFO] [1] FileSyncPro MVVM application started
2025-10-29 22:06:47.220 [INFO] [1] FileSyncPro application shutting down
2025-10-29 22:08:54.063 [INFO] [1] FileSyncPro MVVM application started
2025-10-29 22:09:48.331 [SUCCESS] [1] Local destination validated. Available space: 78.0 GB
2025-10-29 22:09:49.334 [DEBUG] [1] Created temp directory: C:\Users\kunhamad.mk\AppData\Local\Temp\FileSyncPro_2cdac14d-d0bb-474c-bbb5-1394b02382f0
2025-10-29 22:09:49.395 [INFO] [1] Extracted: IdeaStatic_Sett1.zip
2025-10-29 22:09:49.429 [SUCCESS] [1] Synchronization completed successfully!
2025-10-29 22:09:49.437 [DEBUG] [1] Cleaned up temporary files
2025-10-29 22:12:58.193 [INFO] [1] FileSyncPro application shutting down
2025-10-29 22:13:12.068 [INFO] [1] FileSyncPro MVVM application started
2025-10-29 22:14:17.018 [INFO] [1] FileSyncPro application shutting down
2025-10-29 22:14:23.416 [INFO] [1] FileSyncPro MVVM application started
2025-10-29 22:14:30.798 [INFO] [1] FileSyncPro application shutting down
2025-10-29 22:17:17.109 [INFO] [1] FileSyncPro MVVM application started
2025-10-29 22:17:29.984 [INFO] [1] FileSyncPro application shutting down
