2025-10-28 06:01:22.535 [INFO] [1] FileSyncPro MVVM application started
2025-10-28 06:03:07.305 [ERROR] [1] ❌ SharePoint validation failed: GetContextAsync() called without an ACS token generator. Use GetACSAppOnlyContext() or GetAccessTokenContext() instead or specify in AuthenticationManager constructor the authentication parameters
2025-10-28 06:16:57.598 [INFO] [1] FileSyncPro MVVM application started
2025-10-28 06:17:17.390 [ERROR] [1] ❌ SharePoint validation failed: GetContextAsync() called without an ACS token generator. Use GetACSAppOnlyContext() or GetAccessTokenContext() instead or specify in AuthenticationManager constructor the authentication parameters
2025-10-28 06:28:58.864 [INFO] [1] FileSyncPro MVVM application started
2025-10-28 06:30:26.978 [ERROR] [1] ❌ SharePoint validation failed: The remote server returned an error: (403) Forbidden.
2025-10-28 06:30:39.276 [ERROR] [1] ❌ SharePoint validation failed: The remote server returned an error: (403) Forbidden.
2025-10-28 06:30:47.602 [INFO] [1] FileSyncPro application shutting down
2025-10-28 06:30:54.225 [INFO] [1] FileSyncPro MVVM application started
2025-10-28 06:33:24.098 [INFO] [1] FileSyncPro MVVM application started
2025-10-28 10:04:57.478 [INFO] [1] FileSyncPro MVVM application started
2025-10-28 10:09:30.637 [INFO] [1] FileSyncPro MVVM application started
2025-10-28 10:46:55.419 [INFO] [1] FileSyncPro MVVM application started
2025-10-28 10:47:47.548 [ERROR] [1] ❌ SharePoint validation failed: The remote server returned an error: (403) Forbidden.
2025-10-28 11:06:37.016 [INFO] [1] FileSyncPro MVVM application started
2025-10-28 11:08:36.530 [INFO] [1] FileSyncPro MVVM application started
2025-10-28 11:14:37.897 [INFO] [1] FileSyncPro MVVM application started
2025-10-28 11:15:06.439 [ERROR] [1] ❌ Failed to connect to SharePoint.
Tried: DSPETROFAC\
Error: The remote server returned an error: (403) Forbidden.

Please ensure:
1. Domain is correct (currently set to: DSPETROFAC)
2. Username and password are correct
3. You have permissions to access the site
4. You're connected to the corporate network
2025-10-28 11:19:40.196 [INFO] [1] FileSyncPro MVVM application started
2025-10-28 12:47:26.368 [INFO] [1] FileSyncPro MVVM application started
2025-10-28 14:35:10.036 [ERROR] [1] SFTP credentials are incomplete
2025-10-28 14:35:46.338 [SUCCESS] [1] Local destination validated. Available space: 88.9 GB
2025-10-28 14:35:47.647 [DEBUG] [1] Created temp directory: C:\Users\kunhamad.mk\AppData\Local\Temp\FileSyncPro_8953b31f-42e3-4611-b46a-7481d433dda4
2025-10-28 14:35:47.698 [INFO] [1] Extracted: IdeaStatic_Sett1.zip
2025-10-28 14:35:47.727 [SUCCESS] [1] Synchronization completed successfully!
2025-10-28 14:35:47.733 [DEBUG] [1] Cleaned up temporary files
2025-10-28 14:36:15.700 [SUCCESS] [1] Local destination validated. Available space: 88.9 GB
2025-10-28 14:36:16.815 [DEBUG] [1] Created temp directory: C:\Users\kunhamad.mk\AppData\Local\Temp\FileSyncPro_efdda2be-e0a0-4e27-a910-f0d5dcd53cf5
2025-10-28 14:36:16.842 [INFO] [1] Extracted: IdeaStatic_Sett1.zip
2025-10-28 14:36:16.872 [SUCCESS] [1] Synchronization completed successfully!
2025-10-28 14:36:16.878 [DEBUG] [1] Cleaned up temporary files
2025-10-28 18:11:06.142 [INFO] [1] FileSyncPro MVVM application started
