2025-10-27 10:16:30.251 [INFO] [1] FileSyncPro MVVM application started
2025-10-27 10:19:01.958 [SUCCESS] [16] SharePoint configuration validated successfully. NOTE: This is a SIMULATED implementation. Actual file uploads require Microsoft Graph API setup with valid credentials.
2025-10-27 10:19:03.569 [INFO] [16] Found 1 ZIP files
2025-10-27 10:19:03.610 [DEBUG] [16] IdeaStatic_Sett1.zip: 2 files, 191.3 KB
2025-10-27 10:19:03.624 [SUCCESS] [16] Analysis complete: 2 files, 191.3 KB
2025-10-27 10:19:05.784 [DEBUG] [7] Created temp directory: C:\Users\kunhamad.mk\AppData\Local\Temp\FileSyncPro_84a3bf21-1335-4bbb-a7bb-ae5e24d8e664
2025-10-27 10:19:05.842 [INFO] [7] Extracted: IdeaStatic_Sett1.zip
2025-10-27 10:19:06.877 [SUCCESS] [7] Synchronization completed successfully!
2025-10-27 10:19:06.889 [DEBUG] [7] Cleaned up temporary files
2025-10-27 10:20:31.542 [INFO] [1] FileSyncPro MVVM application started
2025-10-27 10:20:52.772 [SUCCESS] [15] SharePoint configuration validated successfully. NOTE: This is a SIMULATED implementation. Actual file uploads require Microsoft Graph API setup with valid credentials.
2025-10-27 10:20:54.281 [INFO] [15] Found 1 ZIP files
2025-10-27 10:20:54.297 [DEBUG] [15] IdeaStatic_Sett1.zip: 2 files, 191.3 KB
2025-10-27 10:20:54.306 [SUCCESS] [15] Analysis complete: 2 files, 191.3 KB
2025-10-27 10:20:54.995 [DEBUG] [15] Created temp directory: C:\Users\kunhamad.mk\AppData\Local\Temp\FileSyncPro_0fb186f1-d0c0-418c-ad6f-e42f1179d762
2025-10-27 10:20:55.030 [INFO] [15] Extracted: IdeaStatic_Sett1.zip
2025-10-27 10:44:33.381 [INFO] [1] FileSyncPro MVVM application started
2025-10-27 11:35:03.829 [INFO] [1] FileSyncPro MVVM application started
2025-10-27 11:36:24.649 [INFO] [1] FileSyncPro MVVM application started
2025-10-27 11:36:43.770 [ERROR] [9] SharePoint validation failed: The remote server returned an error: (403) Forbidden.. Make sure you're authenticated and have access to the site.
2025-10-27 11:53:09.696 [INFO] [1] FileSyncPro MVVM application started
2025-10-27 11:53:16.501 [INFO] [1] FileSyncPro MVVM application started
2025-10-27 11:53:33.298 [ERROR] [14] SharePoint validation failed: The remote server returned an error: (403) Forbidden.. Make sure you're authenticated and have access to the site.
2025-10-27 14:22:02.285 [INFO] [1] FileSyncPro MVVM application started
2025-10-27 14:23:47.894 [INFO] [1] FileSyncPro MVVM application started
2025-10-27 14:26:45.176 [ERROR] [1] SharePoint validation failed with all authentication methods. Please ensure you have access to the site and are properly authenticated. Error: The remote server returned an error: (403) Forbidden.
2025-10-27 14:27:02.241 [ERROR] [1] SharePoint validation failed with all authentication methods. Please ensure you have access to the site and are properly authenticated. Error: The remote server returned an error: (403) Forbidden.
2025-10-27 14:31:23.181 [INFO] [1] FileSyncPro MVVM application started
2025-10-27 14:31:42.406 [SUCCESS] [1] SharePoint URL format is valid: https://petrofaconline.sharepoint.com/sites/OSS-EnggApps-DEV/Shared%20Documents/Forms/AllItems.aspx?id=%2Fsites%2FOSS%2DEnggApps%2DDEV%2FShared%20Documents%2FKT%20Videos&viewid=3f374860%2D39c9%2D4c79%2D8a36%2Da27033b347b8&newTargetListUrl=%2Fsites%2FOSS%2DEnggApps%2DDEV%2FShared%20Documents&viewpath=%2Fsites%2FOSS%2DEnggApps%2DDEV%2FShared%20Documents%2FForms%2FAllItems%2Easpx

Note: Actual connectivity requires modern authentication setup.
Please ensure you are logged into SharePoint in your browser.
2025-10-27 14:31:43.878 [DEBUG] [1] Created temp directory: C:\Users\kunhamad.mk\AppData\Local\Temp\FileSyncPro_56066b5b-54bf-4a6a-8159-967dedad95a7
2025-10-27 14:31:43.931 [INFO] [1] Extracted: IdeaStatic_Sett1.zip
2025-10-27 14:31:43.942 [INFO] [1] Starting SharePoint synchronization...
2025-10-27 14:31:43.947 [INFO] [1] 🔐 SharePoint Online requires modern authentication
2025-10-27 14:31:43.952 [INFO] [1] 💡 Please ensure you are logged into SharePoint in your browser
2025-10-27 14:31:43.955 [INFO] [1] 💡 For automated solutions, consider using Azure App Registration
2025-10-27 14:31:45.327 [INFO] [1] SIMULATION: Found 2 files to upload to SharePoint
2025-10-27 14:31:45.346 [INFO] [1] SIMULATION: Preparing to upload ELRProjects.csv (7.4 KB)
2025-10-27 14:31:45.892 [SUCCESS] [1] SIMULATION: Uploaded ELRProjects.csv to SharePoint
2025-10-27 14:31:45.895 [INFO] [1] SIMULATION: Preparing to upload IdeaStatic_Sett1.png (183.9 KB)
2025-10-27 14:31:46.401 [SUCCESS] [1] SIMULATION: Uploaded IdeaStatic_Sett1.png to SharePoint
2025-10-27 14:31:46.404 [SUCCESS] [1] SIMULATION: SharePoint upload completed successfully
2025-10-27 14:31:46.408 [INFO] [1] 💡 This was a simulation. For real SharePoint uploads, configure modern authentication.
2025-10-27 14:31:46.413 [SUCCESS] [1] Synchronization completed successfully!
2025-10-27 14:31:46.419 [DEBUG] [1] Cleaned up temporary files
2025-10-27 14:32:07.142 [SUCCESS] [1] SharePoint URL format is valid: https://petrofaconline.sharepoint.com/sites/OSS-EnggApps-DEV/Shared%20Documents/Forms/AllItems.aspx?id=%2Fsites%2FOSS%2DEnggApps%2DDEV%2FShared%20Documents%2FKT%20Videos&viewid=3f374860%2D39c9%2D4c79%2D8a36%2Da27033b347b8&newTargetListUrl=%2Fsites%2FOSS%2DEnggApps%2DDEV%2FShared%20Documents&viewpath=%2Fsites%2FOSS%2DEnggApps%2DDEV%2FShared%20Documents%2FForms%2FAllItems%2Easpx

Note: Actual connectivity requires modern authentication setup.
Please ensure you are logged into SharePoint in your browser.
2025-10-27 14:32:08.528 [DEBUG] [1] Created temp directory: C:\Users\kunhamad.mk\AppData\Local\Temp\FileSyncPro_d2fc5751-6edf-462c-a141-63bde015c3a3
2025-10-27 14:32:08.543 [INFO] [1] Extracted: IdeaStatic_Sett1.zip
2025-10-27 14:32:08.558 [INFO] [1] Starting SharePoint synchronization...
2025-10-27 14:32:08.562 [INFO] [1] 🔐 SharePoint Online requires modern authentication
2025-10-27 14:32:08.571 [INFO] [1] 💡 Please ensure you are logged into SharePoint in your browser
2025-10-27 14:32:08.576 [INFO] [1] 💡 For automated solutions, consider using Azure App Registration
2025-10-27 14:32:18.688 [INFO] [1] SIMULATION: Found 2 files to upload to SharePoint
2025-10-27 14:32:18.703 [INFO] [1] SIMULATION: Preparing to upload ELRProjects.csv (7.4 KB)
2025-10-27 14:32:19.631 [SUCCESS] [1] SIMULATION: Uploaded ELRProjects.csv to SharePoint
2025-10-27 14:32:20.091 [INFO] [1] SIMULATION: Preparing to upload IdeaStatic_Sett1.png (183.9 KB)
2025-10-27 14:32:20.596 [SUCCESS] [1] SIMULATION: Uploaded IdeaStatic_Sett1.png to SharePoint
2025-10-27 14:32:20.922 [SUCCESS] [1] SIMULATION: SharePoint upload completed successfully
2025-10-27 14:32:20.926 [INFO] [1] 💡 This was a simulation. For real SharePoint uploads, configure modern authentication.
2025-10-27 14:32:20.938 [SUCCESS] [1] Synchronization completed successfully!
2025-10-27 14:32:20.945 [DEBUG] [1] Cleaned up temporary files
2025-10-27 14:37:22.987 [INFO] [1] FileSyncPro MVVM application started
2025-10-27 14:37:49.480 [ERROR] [1] ❌ Cannot access SharePoint site: The remote server returned an error: (403) Forbidden.

Please ensure you are logged in and have permission to upload files.
2025-10-27 14:41:25.687 [INFO] [1] FileSyncPro MVVM application started
2025-10-27 14:41:40.706 [ERROR] [1] ❌ Cannot access SharePoint site: The remote server returned an error: (403) Forbidden.

Please ensure:
• You are logged into SharePoint in your browser
• You have 'Contribute' permissions to the document library
• The site URL is correct
2025-10-27 14:49:07.495 [INFO] [1] FileSyncPro MVVM application started
2025-10-27 14:49:29.239 [ERROR] [1] ❌ Cannot access SharePoint site: The remote server returned an error: (403) Forbidden.

Please ensure:
• You are logged into SharePoint in your browser
• You have 'Contribute' permissions to the document library
• The site URL is correct
2025-10-27 15:00:24.870 [INFO] [1] FileSyncPro MVVM application started
2025-10-27 15:00:44.921 [ERROR] [1] Username and password are required for SharePoint Online
2025-10-27 15:13:25.498 [INFO] [1] FileSyncPro MVVM application started
2025-10-27 15:14:19.002 [ERROR] [1] Username and password are required for SharePoint Online
2025-10-27 15:16:07.232 [INFO] [1] FileSyncPro MVVM application started
2025-10-27 15:16:38.863 [ERROR] [1] Username and password are required for SharePoint Online
2025-10-27 18:25:52.323 [INFO] [1] FileSyncPro MVVM application started
2025-10-27 18:26:08.768 [ERROR] [1] ❌ SharePoint validation failed: GetContextAsync() called without an ACS token generator. Use GetACSAppOnlyContext() or GetAccessTokenContext() instead or specify in AuthenticationManager constructor the authentication parameters
2025-10-27 22:06:26.347 [INFO] [1] FileSyncPro MVVM application started
2025-10-27 22:09:56.578 [INFO] [1] FileSyncPro MVVM application started
2025-10-27 22:10:39.188 [ERROR] [1] ❌ SharePoint validation failed: GetContextAsync() called without an ACS token generator. Use GetACSAppOnlyContext() or GetAccessTokenContext() instead or specify in AuthenticationManager constructor the authentication parameters
2025-10-27 22:20:39.979 [INFO] [1] FileSyncPro MVVM application started
2025-10-27 22:20:51.550 [ERROR] [1] ❌ SharePoint validation failed: GetContextAsync() called without an ACS token generator. Use GetACSAppOnlyContext() or GetAccessTokenContext() instead or specify in AuthenticationManager constructor the authentication parameters
